   1              		.file	"gmatrix.c"
   2              		.section	.rodata.str1.4,"aMS",%progbits,1
   3              		.align	2
   4              	.LC0:
   5 0000 0A2A2A2A 		.ascii	"\012*** Warning ( %s ) in function %s\000"
   5      20576172 
   5      6E696E67 
   5      20282025 
   5      73202920 
   6 0023 00       		.align	2
   7              	.LC1:
   8 0024 704D6174 		.ascii	"pMat->MaxSize < (Nll*Ncc)\000"
   8      2D3E4D61 
   8      7853697A 
   8      65203C20 
   8      284E6C6C 
   9 003e 0000     		.align	2
  10              	.LC2:
  11 0040 50474D41 		.ascii	"PGMATRIX_SETSIZE\000"
  11      54524958 
  11      5F534554 
  11      53495A45 
  11      00
  12 0051 000000   		.align	2
  13              	.LC3:
  14 0054 0A41626F 		.ascii	"\012Aborting...\000"
  14      7274696E 
  14      672E2E2E 
  14      00
  15              		.text
  16              		.align	2
  17              		.global	PGMATRIX_SETSIZE
  19              	PGMATRIX_SETSIZE:
  20              		@ args = 0, pretend = 0, frame = 0
  21              		@ frame_needed = 0, uses_anonymous_args = 0
  22 0000 02C0A0E1 		mov	ip, r2
  23 0004 9C0102E0 		mul	r2, ip, r1
  24 0008 083090E5 		ldr	r3, [r0, #8]
  25 000c 020053E1 		cmp	r3, r2
  26 0010 04E02DE5 		str	lr, [sp, #-4]!
  27 0014 04C080A5 		strge	ip, [r0, #4]
  28 0018 001080A5 		strge	r1, [r0, #0]
  29 001c 04F09DA4 		ldrge	pc, [sp], #4
  30 0020 18109FE5 		ldr	r1, .L6
  31 0024 18209FE5 		ldr	r2, .L6+4
  32 0028 18009FE5 		ldr	r0, .L6+8
  33 002c FEFFFFEB 		bl	printf
  34 0030 14009FE5 		ldr	r0, .L6+12
  35 0034 FEFFFFEB 		bl	printf
  36 0038 0100A0E3 		mov	r0, #1
  37 003c FEFFFFEB 		bl	exit
  38              	.L7:
  39              		.align	2
  40              	.L6:
  41 0040 24000000 		.word	.LC1
  42 0044 40000000 		.word	.LC2
  43 0048 00000000 		.word	.LC0
  44 004c 54000000 		.word	.LC3
  46              		.section	.rodata.str1.4
  47 0061 000000   		.align	2
  48              	.LC4:
  49 0064 704D6174 		.ascii	"pMatResult->MaxSize < (pMat->Nr*pMat->Nc)\000"
  49      52657375 
  49      6C742D3E 
  49      4D617853 
  49      697A6520 
  50 008e 0000     		.align	2
  51              	.LC5:
  52 0090 50474D41 		.ascii	"PGMATRIX_COPY\000"
  52      54524958 
  52      5F434F50 
  52      5900
  53 009e 0000     		.text
  54              		.align	2
  55              		.global	PGMATRIX_COPY
  57              	PGMATRIX_COPY:
  58              		@ args = 0, pretend = 0, frame = 0
  59              		@ frame_needed = 0, uses_anonymous_args = 0
  60 0050 F0452DE9 		stmfd	sp!, {r4, r5, r6, r7, r8, sl, lr}
  61 0054 0180A0E1 		mov	r8, r1
  62 0058 04C098E5 		ldr	ip, [r8, #4]
  63 005c 001091E5 		ldr	r1, [r1, #0]
  64 0060 9C0102E0 		mul	r2, ip, r1
  65 0064 083090E5 		ldr	r3, [r0, #8]
  66 0068 020053E1 		cmp	r3, r2
  67 006c 00A0A0E1 		mov	sl, r0
  68 0070 1D0000BA 		blt	.L19
  69 0074 0C20A0E1 		mov	r2, ip
  70 0078 FEFFFFEB 		bl	PGMATRIX_SETSIZE
  71 007c 00609AE5 		ldr	r6, [sl, #0]
  72 0080 000056E3 		cmp	r6, #0
  73 0084 04409AC5 		ldrgt	r4, [sl, #4]
  74 0088 0070A0C3 		movgt	r7, #0
  75 008c 0450A0C3 		movgt	r5, #4
  76 0090 F085BDD8 		ldmlefd	sp!, {r4, r5, r6, r7, r8, sl, pc}
  77              	.L13:
  78 0094 000054E3 		cmp	r4, #0
  79 0098 0E0000DA 		ble	.L15
  80 009c 0C2098E5 		ldr	r2, [r8, #12]
  81 00a0 003098E5 		ldr	r3, [r8, #0]
  82 00a4 0C109AE5 		ldr	r1, [sl, #12]
  83 00a8 020085E0 		add	r0, r5, r2
  84 00ac 03E1A0E1 		mov	lr, r3, asl #2
  85 00b0 011085E0 		add	r1, r5, r1
  86 00b4 06C1A0E1 		mov	ip, r6, asl #2
  87 00b8 0020A0E3 		mov	r2, #0
  88              	.L14:
  89 00bc 043010E5 		ldr	r3, [r0, #-4]	@ float
  90 00c0 012082E2 		add	r2, r2, #1
  91 00c4 040052E1 		cmp	r2, r4
  92 00c8 043001E5 		str	r3, [r1, #-4]	@ float
  93 00cc 0E0080E0 		add	r0, r0, lr
  94 00d0 0C1081E0 		add	r1, r1, ip
  95 00d4 F8FFFF1A 		bne	.L14
  96              	.L15:
  97 00d8 017087E2 		add	r7, r7, #1
  98 00dc 060057E1 		cmp	r7, r6
  99 00e0 045085E2 		add	r5, r5, #4
 100 00e4 EAFFFF1A 		bne	.L13
 101 00e8 F085BDE8 		ldmfd	sp!, {r4, r5, r6, r7, r8, sl, pc}
 102              	.L19:
 103 00ec 18109FE5 		ldr	r1, .L20
 104 00f0 18209FE5 		ldr	r2, .L20+4
 105 00f4 18009FE5 		ldr	r0, .L20+8
 106 00f8 FEFFFFEB 		bl	printf
 107 00fc 14009FE5 		ldr	r0, .L20+12
 108 0100 FEFFFFEB 		bl	printf
 109 0104 0100A0E3 		mov	r0, #1
 110 0108 FEFFFFEB 		bl	exit
 111              	.L21:
 112              		.align	2
 113              	.L20:
 114 010c 64000000 		.word	.LC4
 115 0110 90000000 		.word	.LC5
 116 0114 00000000 		.word	.LC0
 117 0118 54000000 		.word	.LC3
 119              		.ident	"GCC: (GNU) 4.1.2 (WinARM 4/2007)"
DEFINED SYMBOLS
                            *ABS*:00000000 gmatrix.c
C:\DOCUME~1\USURIO~1\CONFIG~1\Temp/ccoIedWs.s:19     .text:00000000 PGMATRIX_SETSIZE
C:\DOCUME~1\USURIO~1\CONFIG~1\Temp/ccoIedWs.s:22     .text:00000000 $a
C:\DOCUME~1\USURIO~1\CONFIG~1\Temp/ccoIedWs.s:41     .text:00000040 $d
C:\DOCUME~1\USURIO~1\CONFIG~1\Temp/ccoIedWs.s:57     .text:00000050 PGMATRIX_COPY
C:\DOCUME~1\USURIO~1\CONFIG~1\Temp/ccoIedWs.s:60     .text:00000050 $a
C:\DOCUME~1\USURIO~1\CONFIG~1\Temp/ccoIedWs.s:114    .text:0000010c $d

UNDEFINED SYMBOLS
printf
exit
